Running tests...
Running tests/unit/anchors_test...
[==========] tests: Running 9 test(s).
[ RUN      ] test_category_a_positive_cases
[       OK ] test_category_a_positive_cases
[ RUN      ] test_category_c_edge_cases
[       OK ] test_category_c_edge_cases
[ RUN      ] test_category_d_interactions
[       OK ] test_category_d_interactions
[ RUN      ] test_category_e_complex
[       OK ] test_category_e_complex
[ RUN      ] test_category_f_alternation
[       OK ] test_category_f_alternation
[ RUN      ] test_category_g_atomic
[       OK ] test_category_g_atomic
[ RUN      ] test_category_h_boundary_edges
[       OK ] test_category_h_boundary_edges
[ RUN      ] test_category_i_misc
[       OK ] test_category_i_misc
[ RUN      ] test_category_j_negative
[       OK ] test_category_j_negative
[==========] tests: 9 test(s) run.
[  PASSED  ] 9 test(s).
Running tests/unit/char_classes_test...
[==========] tests: Running 10 test(s).
[ RUN      ] test_category_a_positive
[       OK ] test_category_a_positive
[ RUN      ] test_category_b_negative
[       OK ] test_category_b_negative
[ RUN      ] test_category_c_edges
[       OK ] test_category_c_edges
[ RUN      ] test_category_d_interactions
[       OK ] test_category_d_interactions
[ RUN      ] test_category_e_minimal
[       OK ] test_category_e_minimal
[ RUN      ] test_category_f_metachars
[       OK ] test_category_f_metachars
[ RUN      ] test_category_g_complex_ranges
[       OK ] test_category_g_complex_ranges
[ RUN      ] test_category_h_unicode
[       OK ] test_category_h_unicode
[ RUN      ] test_category_i_negated_vars
[       OK ] test_category_i_negated_vars
[ RUN      ] test_category_j_logic_errors
[       OK ] test_category_j_logic_errors
[==========] tests: 10 test(s) run.
[  PASSED  ] 10 test(s).
Running tests/unit/converted_from_js_test...
[==========] tests: Running 351 test(s).
[ RUN      ] test_js_fixture_1
[   SKIP   ] ../../tooling/js_to_json_ast/out/error_alternation_empty.json (Parser test, no AST)
[       OK ] test_js_fixture_1
[ RUN      ] test_js_fixture_2
[   SKIP   ] ../../tooling/js_to_json_ast/out/error_backref_named_incomplete.json (Parser test, no AST)
[       OK ] test_js_fixture_2
[ RUN      ] test_js_fixture_3
[   SKIP   ] ../../tooling/js_to_json_ast/out/error_char_class_empty.json (Parser test, no AST)
[       OK ] test_js_fixture_3
[ RUN      ] test_js_fixture_4
[   SKIP   ] ../../tooling/js_to_json_ast/out/error_char_class_range_reversed_digit.json (Parser test, no AST)
[       OK ] test_js_fixture_4
[ RUN      ] test_js_fixture_5
[   SKIP   ] ../../tooling/js_to_json_ast/out/error_char_class_range_reversed_letter.json (Parser test, no AST)
[       OK ] test_js_fixture_5
[ RUN      ] test_js_fixture_6
[   SKIP   ] ../../tooling/js_to_json_ast/out/error_directive_after_pattern.json (Parser test, no AST)
[       OK ] test_js_fixture_6
[ RUN      ] test_js_fixture_7
[   SKIP   ] ../../tooling/js_to_json_ast/out/error_escape_unknown_q.json (Parser test, no AST)
[       OK ] test_js_fixture_7
[ RUN      ] test_js_fixture_8
[   SKIP   ] ../../tooling/js_to_json_ast/out/error_escape_unknown_z.json (Parser test, no AST)
[       OK ] test_js_fixture_8
[ RUN      ] test_js_fixture_9
[   SKIP   ] ../../tooling/js_to_json_ast/out/error_flag_invalid.json (Parser test, no AST)
[       OK ] test_js_fixture_9
[ RUN      ] test_js_fixture_10
[   SKIP   ] ../../tooling/js_to_json_ast/out/error_group_name_digit.json (Parser test, no AST)
[       OK ] test_js_fixture_10
[ RUN      ] test_js_fixture_11
[   SKIP   ] ../../tooling/js_to_json_ast/out/error_group_name_empty.json (Parser test, no AST)
[       OK ] test_js_fixture_11
[ RUN      ] test_js_fixture_12
[   SKIP   ] ../../tooling/js_to_json_ast/out/error_group_name_hyphen.json (Parser test, no AST)
[       OK ] test_js_fixture_12
[ RUN      ] test_js_fixture_13
[   SKIP   ] ../../tooling/js_to_json_ast/out/error_quantifier_brace_invalid_content.json (Parser test, no AST)
[       OK ] test_js_fixture_13
[ RUN      ] test_js_fixture_14
[   SKIP   ] ../../tooling/js_to_json_ast/out/error_quantifier_brace_start.json (Parser test, no AST)
[       OK ] test_js_fixture_14
[ RUN      ] test_js_fixture_15
[   SKIP   ] ../../tooling/js_to_json_ast/out/error_quantifier_brace_unterminated.json (Parser test, no AST)
[       OK ] test_js_fixture_15
[ RUN      ] test_js_fixture_16
[   SKIP   ] ../../tooling/js_to_json_ast/out/error_quantifier_plus_start.json (Parser test, no AST)
[       OK ] test_js_fixture_16
[ RUN      ] test_js_fixture_17
[   SKIP   ] ../../tooling/js_to_json_ast/out/error_quantifier_question_start.json (Parser test, no AST)
[       OK ] test_js_fixture_17
[ RUN      ] test_js_fixture_18
[   SKIP   ] ../../tooling/js_to_json_ast/out/error_quantifier_range_reversed.json (Parser test, no AST)
[       OK ] test_js_fixture_18
[ RUN      ] test_js_fixture_19
[       OK ] test_js_fixture_19
[ RUN      ] test_js_fixture_20
[       OK ] test_js_fixture_20
[ RUN      ] test_js_fixture_21
[       OK ] test_js_fixture_21
[ RUN      ] test_js_fixture_22
[       OK ] test_js_fixture_22
[ RUN      ] test_js_fixture_23
[       OK ] test_js_fixture_23
[ RUN      ] test_js_fixture_24
[       OK ] test_js_fixture_24
[ RUN      ] test_js_fixture_25
[       OK ] test_js_fixture_25
[ RUN      ] test_js_fixture_26
[       OK ] test_js_fixture_26
[ RUN      ] test_js_fixture_27
[       OK ] test_js_fixture_27
[ RUN      ] test_js_fixture_28
[       OK ] test_js_fixture_28
[ RUN      ] test_js_fixture_29
[       OK ] test_js_fixture_29
[ RUN      ] test_js_fixture_30
[       OK ] test_js_fixture_30
[ RUN      ] test_js_fixture_31
[       OK ] test_js_fixture_31
[ RUN      ] test_js_fixture_32
[       OK ] test_js_fixture_32
[ RUN      ] test_js_fixture_33
[       OK ] test_js_fixture_33
[ RUN      ] test_js_fixture_34
[       OK ] test_js_fixture_34
[ RUN      ] test_js_fixture_35
[       OK ] test_js_fixture_35
[ RUN      ] test_js_fixture_36
[       OK ] test_js_fixture_36
[ RUN      ] test_js_fixture_37
[       OK ] test_js_fixture_37
[ RUN      ] test_js_fixture_38
[       OK ] test_js_fixture_38
[ RUN      ] test_js_fixture_39
[       OK ] test_js_fixture_39
[ RUN      ] test_js_fixture_40
[       OK ] test_js_fixture_40
[ RUN      ] test_js_fixture_41
[       OK ] test_js_fixture_41
[ RUN      ] test_js_fixture_42
[       OK ] test_js_fixture_42
[ RUN      ] test_js_fixture_43
[       OK ] test_js_fixture_43
[ RUN      ] test_js_fixture_44
[       OK ] test_js_fixture_44
[ RUN      ] test_js_fixture_45
[       OK ] test_js_fixture_45
[ RUN      ] test_js_fixture_46
[       OK ] test_js_fixture_46
[ RUN      ] test_js_fixture_47
[       OK ] test_js_fixture_47
[ RUN      ] test_js_fixture_48
[       OK ] test_js_fixture_48
[ RUN      ] test_js_fixture_49
[       OK ] test_js_fixture_49
[ RUN      ] test_js_fixture_50
[       OK ] test_js_fixture_50
[ RUN      ] test_js_fixture_51
[       OK ] test_js_fixture_51
[ RUN      ] test_js_fixture_52
[       OK ] test_js_fixture_52
[ RUN      ] test_js_fixture_53
[       OK ] test_js_fixture_53
[ RUN      ] test_js_fixture_54
[       OK ] test_js_fixture_54
[ RUN      ] test_js_fixture_55
[       OK ] test_js_fixture_55
[ RUN      ] test_js_fixture_56
[       OK ] test_js_fixture_56
[ RUN      ] test_js_fixture_57
[       OK ] test_js_fixture_57
[ RUN      ] test_js_fixture_58
[       OK ] test_js_fixture_58
[ RUN      ] test_js_fixture_59
[       OK ] test_js_fixture_59
[ RUN      ] test_js_fixture_60
[       OK ] test_js_fixture_60
[ RUN      ] test_js_fixture_61
[       OK ] test_js_fixture_61
[ RUN      ] test_js_fixture_62
[       OK ] test_js_fixture_62
[ RUN      ] test_js_fixture_63
[       OK ] test_js_fixture_63
[ RUN      ] test_js_fixture_64
[       OK ] test_js_fixture_64
[ RUN      ] test_js_fixture_65
[       OK ] test_js_fixture_65
[ RUN      ] test_js_fixture_66
[       OK ] test_js_fixture_66
[ RUN      ] test_js_fixture_67
[       OK ] test_js_fixture_67
[ RUN      ] test_js_fixture_68
[       OK ] test_js_fixture_68
[ RUN      ] test_js_fixture_69
[       OK ] test_js_fixture_69
[ RUN      ] test_js_fixture_70
[       OK ] test_js_fixture_70
[ RUN      ] test_js_fixture_71
[       OK ] test_js_fixture_71
[ RUN      ] test_js_fixture_72
[       OK ] test_js_fixture_72
[ RUN      ] test_js_fixture_73
[       OK ] test_js_fixture_73
[ RUN      ] test_js_fixture_74
[       OK ] test_js_fixture_74
[ RUN      ] test_js_fixture_75
[       OK ] test_js_fixture_75
[ RUN      ] test_js_fixture_76
[       OK ] test_js_fixture_76
[ RUN      ] test_js_fixture_77
[       OK ] test_js_fixture_77
[ RUN      ] test_js_fixture_78
[       OK ] test_js_fixture_78
[ RUN      ] test_js_fixture_79
[       OK ] test_js_fixture_79
[ RUN      ] test_js_fixture_80
[       OK ] test_js_fixture_80
[ RUN      ] test_js_fixture_81
[       OK ] test_js_fixture_81
[ RUN      ] test_js_fixture_82
[       OK ] test_js_fixture_82
[ RUN      ] test_js_fixture_83
[       OK ] test_js_fixture_83
[ RUN      ] test_js_fixture_84
[       OK ] test_js_fixture_84
[ RUN      ] test_js_fixture_85
[       OK ] test_js_fixture_85
[ RUN      ] test_js_fixture_86
[       OK ] test_js_fixture_86
[ RUN      ] test_js_fixture_87
[       OK ] test_js_fixture_87
[ RUN      ] test_js_fixture_88
[       OK ] test_js_fixture_88
[ RUN      ] test_js_fixture_89
[       OK ] test_js_fixture_89
[ RUN      ] test_js_fixture_90
[       OK ] test_js_fixture_90
[ RUN      ] test_js_fixture_91
[       OK ] test_js_fixture_91
[ RUN      ] test_js_fixture_92
[       OK ] test_js_fixture_92
[ RUN      ] test_js_fixture_93
[       OK ] test_js_fixture_93
[ RUN      ] test_js_fixture_94
[       OK ] test_js_fixture_94
[ RUN      ] test_js_fixture_95
[       OK ] test_js_fixture_95
[ RUN      ] test_js_fixture_96
[       OK ] test_js_fixture_96
[ RUN      ] test_js_fixture_97
[       OK ] test_js_fixture_97
[ RUN      ] test_js_fixture_98
[       OK ] test_js_fixture_98
[ RUN      ] test_js_fixture_99
[       OK ] test_js_fixture_99
[ RUN      ] test_js_fixture_100
[       OK ] test_js_fixture_100
[ RUN      ] test_js_fixture_101
[       OK ] test_js_fixture_101
[ RUN      ] test_js_fixture_102
[       OK ] test_js_fixture_102
[ RUN      ] test_js_fixture_103
[       OK ] test_js_fixture_103
[ RUN      ] test_js_fixture_104
[       OK ] test_js_fixture_104
[ RUN      ] test_js_fixture_105
[       OK ] test_js_fixture_105
[ RUN      ] test_js_fixture_106
[       OK ] test_js_fixture_106
[ RUN      ] test_js_fixture_107
[       OK ] test_js_fixture_107
[ RUN      ] test_js_fixture_108
[       OK ] test_js_fixture_108
[ RUN      ] test_js_fixture_109
[       OK ] test_js_fixture_109
[ RUN      ] test_js_fixture_110
[       OK ] test_js_fixture_110
[ RUN      ] test_js_fixture_111
[       OK ] test_js_fixture_111
[ RUN      ] test_js_fixture_112
[       OK ] test_js_fixture_112
[ RUN      ] test_js_fixture_113
[       OK ] test_js_fixture_113
[ RUN      ] test_js_fixture_114
[       OK ] test_js_fixture_114
[ RUN      ] test_js_fixture_115
[       OK ] test_js_fixture_115
[ RUN      ] test_js_fixture_116
[       OK ] test_js_fixture_116
[ RUN      ] test_js_fixture_117
[       OK ] test_js_fixture_117
[ RUN      ] test_js_fixture_118
[       OK ] test_js_fixture_118
[ RUN      ] test_js_fixture_119
[       OK ] test_js_fixture_119
[ RUN      ] test_js_fixture_120
[       OK ] test_js_fixture_120
[ RUN      ] test_js_fixture_121
[       OK ] test_js_fixture_121
[ RUN      ] test_js_fixture_122
[       OK ] test_js_fixture_122
[ RUN      ] test_js_fixture_123
[       OK ] test_js_fixture_123
[ RUN      ] test_js_fixture_124
[       OK ] test_js_fixture_124
[ RUN      ] test_js_fixture_125
[       OK ] test_js_fixture_125
[ RUN      ] test_js_fixture_126
[       OK ] test_js_fixture_126
[ RUN      ] test_js_fixture_127
[       OK ] test_js_fixture_127
[ RUN      ] test_js_fixture_128
[       OK ] test_js_fixture_128
[ RUN      ] test_js_fixture_129
[       OK ] test_js_fixture_129
[ RUN      ] test_js_fixture_130
[       OK ] test_js_fixture_130
[ RUN      ] test_js_fixture_131
[       OK ] test_js_fixture_131
[ RUN      ] test_js_fixture_132
[       OK ] test_js_fixture_132
[ RUN      ] test_js_fixture_133
[       OK ] test_js_fixture_133
[ RUN      ] test_js_fixture_134
[       OK ] test_js_fixture_134
[ RUN      ] test_js_fixture_135
[       OK ] test_js_fixture_135
[ RUN      ] test_js_fixture_136
[       OK ] test_js_fixture_136
[ RUN      ] test_js_fixture_137
[       OK ] test_js_fixture_137
[ RUN      ] test_js_fixture_138
[       OK ] test_js_fixture_138
[ RUN      ] test_js_fixture_139
[       OK ] test_js_fixture_139
[ RUN      ] test_js_fixture_140
[       OK ] test_js_fixture_140
[ RUN      ] test_js_fixture_141
[       OK ] test_js_fixture_141
[ RUN      ] test_js_fixture_142
[       OK ] test_js_fixture_142
[ RUN      ] test_js_fixture_143
[       OK ] test_js_fixture_143
[ RUN      ] test_js_fixture_144
[       OK ] test_js_fixture_144
[ RUN      ] test_js_fixture_145
[       OK ] test_js_fixture_145
[ RUN      ] test_js_fixture_146
[       OK ] test_js_fixture_146
[ RUN      ] test_js_fixture_147
[       OK ] test_js_fixture_147
[ RUN      ] test_js_fixture_148
[       OK ] test_js_fixture_148
[ RUN      ] test_js_fixture_149
[       OK ] test_js_fixture_149
[ RUN      ] test_js_fixture_150
[       OK ] test_js_fixture_150
[ RUN      ] test_js_fixture_151
[       OK ] test_js_fixture_151
[ RUN      ] test_js_fixture_152
[       OK ] test_js_fixture_152
[ RUN      ] test_js_fixture_153
[       OK ] test_js_fixture_153
[ RUN      ] test_js_fixture_154
[       OK ] test_js_fixture_154
[ RUN      ] test_js_fixture_155
[       OK ] test_js_fixture_155
[ RUN      ] test_js_fixture_156
[       OK ] test_js_fixture_156
[ RUN      ] test_js_fixture_157
[       OK ] test_js_fixture_157
[ RUN      ] test_js_fixture_158
[       OK ] test_js_fixture_158
[ RUN      ] test_js_fixture_159
[       OK ] test_js_fixture_159
[ RUN      ] test_js_fixture_160
[       OK ] test_js_fixture_160
[ RUN      ] test_js_fixture_161
[       OK ] test_js_fixture_161
[ RUN      ] test_js_fixture_162
[       OK ] test_js_fixture_162
[ RUN      ] test_js_fixture_163
[       OK ] test_js_fixture_163
[ RUN      ] test_js_fixture_164
[       OK ] test_js_fixture_164
[ RUN      ] test_js_fixture_165
[       OK ] test_js_fixture_165
[ RUN      ] test_js_fixture_166
[       OK ] test_js_fixture_166
[ RUN      ] test_js_fixture_167
[       OK ] test_js_fixture_167
[ RUN      ] test_js_fixture_168
[       OK ] test_js_fixture_168
[ RUN      ] test_js_fixture_169
[       OK ] test_js_fixture_169
[ RUN      ] test_js_fixture_170
[       OK ] test_js_fixture_170
[ RUN      ] test_js_fixture_171
[       OK ] test_js_fixture_171
[ RUN      ] test_js_fixture_172
[       OK ] test_js_fixture_172
[ RUN      ] test_js_fixture_173
[       OK ] test_js_fixture_173
[ RUN      ] test_js_fixture_174
[       OK ] test_js_fixture_174
[ RUN      ] test_js_fixture_175
[       OK ] test_js_fixture_175
[ RUN      ] test_js_fixture_176
[       OK ] test_js_fixture_176
[ RUN      ] test_js_fixture_177
[       OK ] test_js_fixture_177
[ RUN      ] test_js_fixture_178
[       OK ] test_js_fixture_178
[ RUN      ] test_js_fixture_179
[       OK ] test_js_fixture_179
[ RUN      ] test_js_fixture_180
[       OK ] test_js_fixture_180
[ RUN      ] test_js_fixture_181
[       OK ] test_js_fixture_181
[ RUN      ] test_js_fixture_182
[       OK ] test_js_fixture_182
[ RUN      ] test_js_fixture_183
[       OK ] test_js_fixture_183
[ RUN      ] test_js_fixture_184
[       OK ] test_js_fixture_184
[ RUN      ] test_js_fixture_185
[       OK ] test_js_fixture_185
[ RUN      ] test_js_fixture_186
[       OK ] test_js_fixture_186
[ RUN      ] test_js_fixture_187
[       OK ] test_js_fixture_187
[ RUN      ] test_js_fixture_188
[       OK ] test_js_fixture_188
[ RUN      ] test_js_fixture_189
[       OK ] test_js_fixture_189
[ RUN      ] test_js_fixture_190
[       OK ] test_js_fixture_190
[ RUN      ] test_js_fixture_191
[       OK ] test_js_fixture_191
[ RUN      ] test_js_fixture_192
[       OK ] test_js_fixture_192
[ RUN      ] test_js_fixture_193
[       OK ] test_js_fixture_193
[ RUN      ] test_js_fixture_194
[       OK ] test_js_fixture_194
[ RUN      ] test_js_fixture_195
[       OK ] test_js_fixture_195
[ RUN      ] test_js_fixture_196
[       OK ] test_js_fixture_196
[ RUN      ] test_js_fixture_197
[       OK ] test_js_fixture_197
[ RUN      ] test_js_fixture_198
[       OK ] test_js_fixture_198
[ RUN      ] test_js_fixture_199
[       OK ] test_js_fixture_199
[ RUN      ] test_js_fixture_200
[       OK ] test_js_fixture_200
[ RUN      ] test_js_fixture_201
[       OK ] test_js_fixture_201
[ RUN      ] test_js_fixture_202
[       OK ] test_js_fixture_202
[ RUN      ] test_js_fixture_203
[       OK ] test_js_fixture_203
[ RUN      ] test_js_fixture_204
[       OK ] test_js_fixture_204
[ RUN      ] test_js_fixture_205
[       OK ] test_js_fixture_205
[ RUN      ] test_js_fixture_206
[       OK ] test_js_fixture_206
[ RUN      ] test_js_fixture_207
[       OK ] test_js_fixture_207
[ RUN      ] test_js_fixture_208
[       OK ] test_js_fixture_208
[ RUN      ] test_js_fixture_209
[       OK ] test_js_fixture_209
[ RUN      ] test_js_fixture_210
[       OK ] test_js_fixture_210
[ RUN      ] test_js_fixture_211
[       OK ] test_js_fixture_211
[ RUN      ] test_js_fixture_212
[       OK ] test_js_fixture_212
[ RUN      ] test_js_fixture_213
[       OK ] test_js_fixture_213
[ RUN      ] test_js_fixture_214
[       OK ] test_js_fixture_214
[ RUN      ] test_js_fixture_215
[       OK ] test_js_fixture_215
[ RUN      ] test_js_fixture_216
[       OK ] test_js_fixture_216
[ RUN      ] test_js_fixture_217
[       OK ] test_js_fixture_217
[ RUN      ] test_js_fixture_218
[       OK ] test_js_fixture_218
[ RUN      ] test_js_fixture_219
[       OK ] test_js_fixture_219
[ RUN      ] test_js_fixture_220
[       OK ] test_js_fixture_220
[ RUN      ] test_js_fixture_221
[       OK ] test_js_fixture_221
[ RUN      ] test_js_fixture_222
[       OK ] test_js_fixture_222
[ RUN      ] test_js_fixture_223
[       OK ] test_js_fixture_223
[ RUN      ] test_js_fixture_224
[       OK ] test_js_fixture_224
[ RUN      ] test_js_fixture_225
[       OK ] test_js_fixture_225
[ RUN      ] test_js_fixture_226
[       OK ] test_js_fixture_226
[ RUN      ] test_js_fixture_227
[       OK ] test_js_fixture_227
[ RUN      ] test_js_fixture_228
[       OK ] test_js_fixture_228
[ RUN      ] test_js_fixture_229
[       OK ] test_js_fixture_229
[ RUN      ] test_js_fixture_230
[       OK ] test_js_fixture_230
[ RUN      ] test_js_fixture_231
[       OK ] test_js_fixture_231
[ RUN      ] test_js_fixture_232
[       OK ] test_js_fixture_232
[ RUN      ] test_js_fixture_233
[       OK ] test_js_fixture_233
[ RUN      ] test_js_fixture_234
[       OK ] test_js_fixture_234
[ RUN      ] test_js_fixture_235
[       OK ] test_js_fixture_235
[ RUN      ] test_js_fixture_236
[       OK ] test_js_fixture_236
[ RUN      ] test_js_fixture_237
[       OK ] test_js_fixture_237
[ RUN      ] test_js_fixture_238
[       OK ] test_js_fixture_238
[ RUN      ] test_js_fixture_239
[       OK ] test_js_fixture_239
[ RUN      ] test_js_fixture_240
[       OK ] test_js_fixture_240
[ RUN      ] test_js_fixture_241
[       OK ] test_js_fixture_241
[ RUN      ] test_js_fixture_242
[       OK ] test_js_fixture_242
[ RUN      ] test_js_fixture_243
[       OK ] test_js_fixture_243
[ RUN      ] test_js_fixture_244
[       OK ] test_js_fixture_244
[ RUN      ] test_js_fixture_245
[       OK ] test_js_fixture_245
[ RUN      ] test_js_fixture_246
[       OK ] test_js_fixture_246
[ RUN      ] test_js_fixture_247
[       OK ] test_js_fixture_247
[ RUN      ] test_js_fixture_248
[       OK ] test_js_fixture_248
[ RUN      ] test_js_fixture_249
[       OK ] test_js_fixture_249
[ RUN      ] test_js_fixture_250
[       OK ] test_js_fixture_250
[ RUN      ] test_js_fixture_251
[       OK ] test_js_fixture_251
[ RUN      ] test_js_fixture_252
[       OK ] test_js_fixture_252
[ RUN      ] test_js_fixture_253
[       OK ] test_js_fixture_253
[ RUN      ] test_js_fixture_254
[       OK ] test_js_fixture_254
[ RUN      ] test_js_fixture_255
[       OK ] test_js_fixture_255
[ RUN      ] test_js_fixture_256
[       OK ] test_js_fixture_256
[ RUN      ] test_js_fixture_257
[       OK ] test_js_fixture_257
[ RUN      ] test_js_fixture_258
[       OK ] test_js_fixture_258
[ RUN      ] test_js_fixture_259
[       OK ] test_js_fixture_259
[ RUN      ] test_js_fixture_260
[       OK ] test_js_fixture_260
[ RUN      ] test_js_fixture_261
[       OK ] test_js_fixture_261
[ RUN      ] test_js_fixture_262
[       OK ] test_js_fixture_262
[ RUN      ] test_js_fixture_263
[       OK ] test_js_fixture_263
[ RUN      ] test_js_fixture_264
[       OK ] test_js_fixture_264
[ RUN      ] test_js_fixture_265
[       OK ] test_js_fixture_265
[ RUN      ] test_js_fixture_266
[       OK ] test_js_fixture_266
[ RUN      ] test_js_fixture_267
[       OK ] test_js_fixture_267
[ RUN      ] test_js_fixture_268
[       OK ] test_js_fixture_268
[ RUN      ] test_js_fixture_269
[       OK ] test_js_fixture_269
[ RUN      ] test_js_fixture_270
[       OK ] test_js_fixture_270
[ RUN      ] test_js_fixture_271
[       OK ] test_js_fixture_271
[ RUN      ] test_js_fixture_272
[       OK ] test_js_fixture_272
[ RUN      ] test_js_fixture_273
[       OK ] test_js_fixture_273
[ RUN      ] test_js_fixture_274
[       OK ] test_js_fixture_274
[ RUN      ] test_js_fixture_275
[       OK ] test_js_fixture_275
[ RUN      ] test_js_fixture_276
[       OK ] test_js_fixture_276
[ RUN      ] test_js_fixture_277
[       OK ] test_js_fixture_277
[ RUN      ] test_js_fixture_278
[       OK ] test_js_fixture_278
[ RUN      ] test_js_fixture_279
[       OK ] test_js_fixture_279
[ RUN      ] test_js_fixture_280
[       OK ] test_js_fixture_280
[ RUN      ] test_js_fixture_281
[       OK ] test_js_fixture_281
[ RUN      ] test_js_fixture_282
[       OK ] test_js_fixture_282
[ RUN      ] test_js_fixture_283
[       OK ] test_js_fixture_283
[ RUN      ] test_js_fixture_284
[       OK ] test_js_fixture_284
[ RUN      ] test_js_fixture_285
[       OK ] test_js_fixture_285
[ RUN      ] test_js_fixture_286
[       OK ] test_js_fixture_286
[ RUN      ] test_js_fixture_287
[       OK ] test_js_fixture_287
[ RUN      ] test_js_fixture_288
[       OK ] test_js_fixture_288
[ RUN      ] test_js_fixture_289
[       OK ] test_js_fixture_289
[ RUN      ] test_js_fixture_290
[       OK ] test_js_fixture_290
[ RUN      ] test_js_fixture_291
[       OK ] test_js_fixture_291
[ RUN      ] test_js_fixture_292
[       OK ] test_js_fixture_292
[ RUN      ] test_js_fixture_293
[       OK ] test_js_fixture_293
[ RUN      ] test_js_fixture_294
[       OK ] test_js_fixture_294
[ RUN      ] test_js_fixture_295
[       OK ] test_js_fixture_295
[ RUN      ] test_js_fixture_296
[       OK ] test_js_fixture_296
[ RUN      ] test_js_fixture_297
[       OK ] test_js_fixture_297
[ RUN      ] test_js_fixture_298
[       OK ] test_js_fixture_298
[ RUN      ] test_js_fixture_299
[       OK ] test_js_fixture_299
[ RUN      ] test_js_fixture_300
[       OK ] test_js_fixture_300
[ RUN      ] test_js_fixture_301
[       OK ] test_js_fixture_301
[ RUN      ] test_js_fixture_302
[       OK ] test_js_fixture_302
[ RUN      ] test_js_fixture_303
[       OK ] test_js_fixture_303
[ RUN      ] test_js_fixture_304
[       OK ] test_js_fixture_304
[ RUN      ] test_js_fixture_305
[       OK ] test_js_fixture_305
[ RUN      ] test_js_fixture_306
[       OK ] test_js_fixture_306
[ RUN      ] test_js_fixture_307
[       OK ] test_js_fixture_307
[ RUN      ] test_js_fixture_308
[       OK ] test_js_fixture_308
[ RUN      ] test_js_fixture_309
[       OK ] test_js_fixture_309
[ RUN      ] test_js_fixture_310
[       OK ] test_js_fixture_310
[ RUN      ] test_js_fixture_311
[       OK ] test_js_fixture_311
[ RUN      ] test_js_fixture_312
[       OK ] test_js_fixture_312
[ RUN      ] test_js_fixture_313
[       OK ] test_js_fixture_313
[ RUN      ] test_js_fixture_314
[       OK ] test_js_fixture_314
[ RUN      ] test_js_fixture_315
[       OK ] test_js_fixture_315
[ RUN      ] test_js_fixture_316
[       OK ] test_js_fixture_316
[ RUN      ] test_js_fixture_317
[       OK ] test_js_fixture_317
[ RUN      ] test_js_fixture_318
[       OK ] test_js_fixture_318
[ RUN      ] test_js_fixture_319
[       OK ] test_js_fixture_319
[ RUN      ] test_js_fixture_320
[       OK ] test_js_fixture_320
[ RUN      ] test_js_fixture_321
[       OK ] test_js_fixture_321
[ RUN      ] test_js_fixture_322
[       OK ] test_js_fixture_322
[ RUN      ] test_js_fixture_323
[       OK ] test_js_fixture_323
[ RUN      ] test_js_fixture_324
[       OK ] test_js_fixture_324
[ RUN      ] test_js_fixture_325
[       OK ] test_js_fixture_325
[ RUN      ] test_js_fixture_326
[       OK ] test_js_fixture_326
[ RUN      ] test_js_fixture_327
[       OK ] test_js_fixture_327
[ RUN      ] test_js_fixture_328
[       OK ] test_js_fixture_328
[ RUN      ] test_js_fixture_329
[       OK ] test_js_fixture_329
[ RUN      ] test_js_fixture_330
[       OK ] test_js_fixture_330
[ RUN      ] test_js_fixture_331
[       OK ] test_js_fixture_331
[ RUN      ] test_js_fixture_332
[       OK ] test_js_fixture_332
[ RUN      ] test_js_fixture_333
[       OK ] test_js_fixture_333
[ RUN      ] test_js_fixture_334
[       OK ] test_js_fixture_334
[ RUN      ] test_js_fixture_335
[       OK ] test_js_fixture_335
[ RUN      ] test_js_fixture_336
[       OK ] test_js_fixture_336
[ RUN      ] test_js_fixture_337
[       OK ] test_js_fixture_337
[ RUN      ] test_js_fixture_338
[       OK ] test_js_fixture_338
[ RUN      ] test_js_fixture_339
[       OK ] test_js_fixture_339
[ RUN      ] test_js_fixture_340
[       OK ] test_js_fixture_340
[ RUN      ] test_js_fixture_341
[       OK ] test_js_fixture_341
[ RUN      ] test_js_fixture_342
[       OK ] test_js_fixture_342
[ RUN      ] test_js_fixture_343
[       OK ] test_js_fixture_343
[ RUN      ] test_js_fixture_344
[       OK ] test_js_fixture_344
[ RUN      ] test_js_fixture_345
[       OK ] test_js_fixture_345
[ RUN      ] test_js_fixture_346
[       OK ] test_js_fixture_346
[ RUN      ] test_js_fixture_347
[       OK ] test_js_fixture_347
[ RUN      ] test_js_fixture_348
[       OK ] test_js_fixture_348
[ RUN      ] test_js_fixture_349
[       OK ] test_js_fixture_349
[ RUN      ] test_js_fixture_350
[       OK ] test_js_fixture_350
[ RUN      ] test_js_fixture_351
[       OK ] test_js_fixture_351
[==========] tests: 351 test(s) run.
[  PASSED  ] 351 test(s).
Running tests/unit/emitter_edges_test...
[==========] tests: Running 7 test(s).
[ RUN      ] test_helper_literals
[       OK ] test_helper_literals
[ RUN      ] test_helper_class_chars
[       OK ] test_helper_class_chars
[ RUN      ] test_category_a_escaping
[       OK ] test_category_a_escaping
[ RUN      ] test_category_b_shorthand
[       OK ] test_category_b_shorthand
[ RUN      ] test_category_c_grouping
[       OK ] test_category_c_grouping
[ RUN      ] test_category_d_flags
[       OK ] test_category_d_flags
[ RUN      ] test_category_e_extensions
[       OK ] test_category_e_extensions
[==========] tests: 7 test(s) run.
[  PASSED  ] 7 test(s).
Running tests/unit/error_formatting_test...
[==========] tests: Running 11 test(s).
[ RUN      ] test_simple_error_structure
[       OK ] test_simple_error_structure
[ RUN      ] test_error_with_context
[       OK ] test_error_with_context
[ RUN      ] test_error_position
[       OK ] test_error_position
[ RUN      ] test_multiline_error
[       OK ] test_multiline_error
[ RUN      ] test_error_string_consistency
[       OK ] test_error_string_consistency
[ RUN      ] test_hint_missing_group_expr
[       OK ] test_hint_missing_group_expr
[ RUN      ] test_hint_missing_class_members
[       OK ] test_hint_missing_class_members
[ RUN      ] test_hint_unknown_node_type
[       OK ] test_hint_unknown_node_type
[ RUN      ] test_hint_quantified_anchor
[       OK ] test_hint_quantified_anchor
[ RUN      ] test_hint_invalid_literal_structure
[       OK ] test_hint_invalid_literal_structure
[ RUN      ] test_hint_generic_schema_error
[       OK ] test_hint_generic_schema_error
[==========] tests: 11 test(s) run.
[  PASSED  ] 11 test(s).
Running tests/unit/errors_test...
[==========] tests: Running 20 test(s).
[ RUN      ] test_unterminated_group
[       OK ] test_unterminated_group
[ RUN      ] test_unterminated_named_group
[       OK ] test_unterminated_named_group
[ RUN      ] test_unterminated_lookahead
[       OK ] test_unterminated_lookahead
[ RUN      ] test_unterminated_lookbehind
[       OK ] test_unterminated_lookbehind
[ RUN      ] test_inline_modifiers
[       OK ] test_inline_modifiers
[ RUN      ] test_forward_reference_by_name
[       OK ] test_forward_reference_by_name
[ RUN      ] test_forward_reference_by_index
[       OK ] test_forward_reference_by_index
[ RUN      ] test_nonexistent_reference_by_index
[       OK ] test_nonexistent_reference_by_index
[ RUN      ] test_unterminated_named_backref
[       OK ] test_unterminated_named_backref
[ RUN      ] test_duplicate_group_name
[       OK ] test_duplicate_group_name
[ RUN      ] test_unterminated_class
[       OK ] test_unterminated_class
[ RUN      ] test_unterminated_unicode_property
[       OK ] test_unterminated_unicode_property
[ RUN      ] test_missing_braces_on_unicode_property
[       OK ] test_missing_braces_on_unicode_property
[ RUN      ] test_invalid_hex_digit
[       OK ] test_invalid_hex_digit
[ RUN      ] test_invalid_unicode_digit
[       OK ] test_invalid_unicode_digit
[ RUN      ] test_unterminated_hex_brace_empty
[       OK ] test_unterminated_hex_brace_empty
[ RUN      ] test_unterminated_hex_brace_with_digits
[       OK ] test_unterminated_hex_brace_with_digits
[ RUN      ] test_unterminated_brace_quantifier
[       OK ] test_unterminated_brace_quantifier
[ RUN      ] test_quantify_anchor
[       OK ] test_quantify_anchor
[ RUN      ] test_first_error_wins
[       OK ] test_first_error_wins
[==========] tests: 20 test(s) run.
[  PASSED  ] 20 test(s).
Running tests/unit/flags_and_free_spacing_test...
[==========] tests: Running 4 test(s).
[ RUN      ] test_category_a_single_flags
[       OK ] test_category_a_single_flags
[ RUN      ] test_category_b_combinations
[       OK ] test_category_b_combinations
[ RUN      ] test_category_c_edges
[       OK ] test_category_c_edges
[ RUN      ] test_category_d_free_spacing
[       OK ] test_category_d_free_spacing
[==========] tests: 4 test(s) run.
[  PASSED  ] 4 test(s).
Running tests/unit/generated_ast_smoke_test...
[==========] tests: Running 1 test(s).
[ RUN      ] test_generated_ast_compile
Compiled pattern: (?i)hello\n
[       OK ] test_generated_ast_compile
[==========] tests: 1 test(s) run.
[  PASSED  ] 1 test(s).
Running tests/unit/groups_backrefs_lookarounds_test...
[==========] tests: Running 10 test(s).
[ RUN      ] test_category_a_capturing
[       OK ] test_category_a_capturing
[ RUN      ] test_category_b_non_capturing
[       OK ] test_category_b_non_capturing
[ RUN      ] test_category_c_named
[       OK ] test_category_c_named
[ RUN      ] test_category_d_atomic
[       OK ] test_category_d_atomic
[ RUN      ] test_category_e_numeric_backrefs
[       OK ] test_category_e_numeric_backrefs
[ RUN      ] test_category_f_named_backrefs
[       OK ] test_category_f_named_backrefs
[ RUN      ] test_category_g_lookaheads
[       OK ] test_category_g_lookaheads
[ RUN      ] test_category_h_lookbehinds
[       OK ] test_category_h_lookbehinds
[ RUN      ] test_category_i_integration
[       OK ] test_category_i_integration
[ RUN      ] test_category_j_validation
[       OK ] test_category_j_validation
[==========] tests: 10 test(s) run.
[  PASSED  ] 10 test(s).
Running tests/unit/ieh_audit_gaps_test...
[==========] tests: Running 23 test(s).
[ RUN      ] test_group_name_starts_with_digit
[       OK ] test_group_name_starts_with_digit
[ RUN      ] test_group_name_empty
[       OK ] test_group_name_empty
[ RUN      ] test_group_name_hyphens
[       OK ] test_group_name_hyphens
[ RUN      ] test_quantifier_min_exceeds_max
[       OK ] test_quantifier_min_exceeds_max
[ RUN      ] test_range_reversed_letter
[       OK ] test_range_reversed_letter
[ RUN      ] test_range_reversed_digit
[       OK ] test_range_reversed_digit
[ RUN      ] test_alternation_empty_branch
[       OK ] test_alternation_empty_branch
[ RUN      ] test_flag_invalid_letter
[       OK ] test_flag_invalid_letter
[ RUN      ] test_directive_after_pattern
[       OK ] test_directive_after_pattern
[ RUN      ] test_incomplete_named_backref
[       OK ] test_incomplete_named_backref
[ RUN      ] test_quantifier_plus_hint
[       OK ] test_quantifier_plus_hint
[ RUN      ] test_quantifier_question_hint
[       OK ] test_quantifier_question_hint
[ RUN      ] test_quantifier_brace_hint
[       OK ] test_quantifier_brace_hint
[ RUN      ] test_escape_unknown_q
[       OK ] test_escape_unknown_q
[ RUN      ] test_escape_unknown_z_hint
[       OK ] test_escape_unknown_z_hint
[ RUN      ] test_valid_group_names
[       OK ] test_valid_group_names
[ RUN      ] test_valid_quantifier_ranges
[       OK ] test_valid_quantifier_ranges
[ RUN      ] test_valid_char_ranges
[       OK ] test_valid_char_ranges
[ RUN      ] test_valid_alternation
[       OK ] test_valid_alternation
[ RUN      ] test_valid_flags
[       OK ] test_valid_flags
[ RUN      ] test_brace_rejects_non_digits
[       OK ] test_brace_rejects_non_digits
[ RUN      ] test_unterminated_brace
[       OK ] test_unterminated_brace
[ RUN      ] test_empty_char_class_hint
[       OK ] test_empty_char_class_hint
[==========] tests: 23 test(s) run.
[  PASSED  ] 23 test(s).
Running tests/unit/ir_compiler_test...
[==========] tests: Running 10 test(s).
[ RUN      ] test_category_a_lowering
[       OK ] test_category_a_lowering
[ RUN      ] test_category_b_normalization
[       OK ] test_category_b_normalization
[ RUN      ] test_category_c_full_compilation
[       OK ] test_category_c_full_compilation
[ RUN      ] test_category_d_metadata
[       OK ] test_category_d_metadata
[ RUN      ] test_category_e_deep_alt
[       OK ] test_category_e_deep_alt
[ RUN      ] test_category_f_complex_seq
[       OK ] test_category_f_complex_seq
[ RUN      ] test_category_g_fusion_edges
[       OK ] test_category_g_fusion_edges
[ RUN      ] test_category_h_quant_norm
[       OK ] test_category_h_quant_norm
[ RUN      ] test_category_i_feature_detection
[       OK ] test_category_i_feature_detection
[ RUN      ] test_category_j_alt_edges
[       OK ] test_category_j_alt_edges
[==========] tests: 10 test(s) run.
[  PASSED  ] 10 test(s).
Running tests/unit/literals_and_escapes_test...
[==========] tests: Running 13 test(s).
[ RUN      ] test_basic_literals
[       OK ] test_basic_literals
[ RUN      ] test_escaped_metacharacters
[       OK ] test_escaped_metacharacters
[ RUN      ] test_dot
[       OK ] test_dot
[ RUN      ] test_literal_sequences
[       OK ] test_literal_sequences
[ RUN      ] test_control_escapes
[       OK ] test_control_escapes
[ RUN      ] test_hex_escapes
[  ERROR   ] --- "\x{02}" != "\x02"
[   LINE   ] --- tests/unit/literals_and_escapes_test.c:33: error: Failure!
Expected: \x02
Got: \x{02}
[  FAILED  ] test_hex_escapes
[ RUN      ] test_unicode_escapes
[       OK ] test_unicode_escapes
[ RUN      ] test_mixed_content
[       OK ] test_mixed_content
[ RUN      ] test_edge_cases
[       OK ] test_edge_cases
[ RUN      ] test_special_combinations
[       OK ] test_special_combinations
[ RUN      ] test_non_ascii
[       OK ] test_non_ascii
[ RUN      ] test_additional_metachars
[       OK ] test_additional_metachars
[ RUN      ] test_basic_literal_with_fixture
[       OK ] test_basic_literal_with_fixture
[==========] tests: 13 test(s) run.
[  PASSED  ] 12 test(s).
[  FAILED  ] tests: 1 test(s), listed below:
[  FAILED  ] test_hex_escapes

 1 FAILED TEST(S)
Running tests/unit/parser_errors_test...
[==========] tests: Running 20 test(s).
[ RUN      ] test_format_rich_error
[       OK ] test_format_rich_error
[ RUN      ] test_hint_unterminated_group
[       OK ] test_hint_unterminated_group
[ RUN      ] test_line_number_accuracy
[       OK ] test_line_number_accuracy
[ RUN      ] test_caret_position
[       OK ] test_caret_position
[ RUN      ] test_hint_alt_no_lhs
[       OK ] test_hint_alt_no_lhs
[ RUN      ] test_hint_alt_no_rhs
[       OK ] test_hint_alt_no_rhs
[ RUN      ] test_hint_unterminated_class
[       OK ] test_hint_unterminated_class
[ RUN      ] test_hint_quantify_anchor
[       OK ] test_hint_quantify_anchor
[ RUN      ] test_hint_invalid_hex
[       OK ] test_hint_invalid_hex
[ RUN      ] test_hint_undefined_backref
[       OK ] test_hint_undefined_backref
[ RUN      ] test_hint_duplicate_name
[       OK ] test_hint_duplicate_name
[ RUN      ] test_hint_inline_modifiers
[       OK ] test_hint_inline_modifiers
[ RUN      ] test_hint_unterminated_unicode
[       OK ] test_hint_unterminated_unicode
[ RUN      ] test_complex_nested_error
[       OK ] test_complex_nested_error
[ RUN      ] test_complex_alt_branch_error
[       OK ] test_complex_alt_branch_error
[ RUN      ] test_complex_free_spacing_error
[       OK ] test_complex_free_spacing_error
[ RUN      ] test_complex_position_accuracy
[       OK ] test_complex_position_accuracy
[ RUN      ] test_compat_message_attr
[       OK ] test_compat_message_attr
[ RUN      ] test_compat_pos_attr
[       OK ] test_compat_pos_attr
[ RUN      ] test_compat_string_output
[       OK ] test_compat_string_output
[==========] tests: 20 test(s) run.
[  PASSED  ] 20 test(s).
Running tests/unit/quantifiers_test...
[==========] tests: Running 14 test(s).
[ RUN      ] test_category_a_star
[       OK ] test_category_a_star
[ RUN      ] test_category_a_plus
[       OK ] test_category_a_plus
[ RUN      ] test_category_a_optional
[       OK ] test_category_a_optional
[ RUN      ] test_category_a_exact
[       OK ] test_category_a_exact
[ RUN      ] test_category_a_at_least
[       OK ] test_category_a_at_least
[ RUN      ] test_category_a_range
[       OK ] test_category_a_range
[ RUN      ] test_category_b_validation
[       OK ] test_category_b_validation
[ RUN      ] test_category_c_edges
[       OK ] test_category_c_edges
[ RUN      ] test_category_d_interactions
[       OK ] test_category_d_interactions
[ RUN      ] test_category_e_nested
[       OK ] test_category_e_nested
[ RUN      ] test_category_f_special
[       OK ] test_category_f_special
[ RUN      ] test_category_g_sequences
[       OK ] test_category_g_sequences
[ RUN      ] test_category_h_brace_edges
[       OK ] test_category_h_brace_edges
[ RUN      ] test_category_i_flags
[       OK ] test_category_i_flags
[==========] tests: 14 test(s) run.
[  PASSED  ] 14 test(s).
Running tests/unit/schema_validation_test...
[==========] tests: Running 10 test(s).
[ RUN      ] test_valid_simple_literal
[       OK ] test_valid_simple_literal
[ RUN      ] test_valid_complex_structure
[       OK ] test_valid_complex_structure
[ RUN      ] test_valid_with_flags
[       OK ] test_valid_with_flags
[ RUN      ] test_invalid_node_type
[       OK ] test_invalid_node_type
[ RUN      ] test_invalid_field_type
[       OK ] test_invalid_field_type
[ RUN      ] test_missing_required_field
[       OK ] test_missing_required_field
[ RUN      ] test_invalid_structure_array
[       OK ] test_invalid_structure_array
[ RUN      ] test_invalid_root_structure
[       OK ] test_invalid_root_structure
[ RUN      ] test_edge_empty_pattern
[       OK ] test_edge_empty_pattern
[ RUN      ] test_edge_flags_only
[       OK ] test_edge_flags_only
[==========] tests: 10 test(s) run.
[  PASSED  ] 10 test(s).
Running tests/unit/simply_api_test...
[==========] tests: Running 54 test(s).
[ RUN      ] test_set_any_of
[       OK ] test_set_any_of
[ RUN      ] test_set_none_of
[       OK ] test_set_none_of
[ RUN      ] test_set_range
[       OK ] test_set_range
[ RUN      ] test_set_any
[       OK ] test_set_any
[ RUN      ] test_set_digit
[       OK ] test_set_digit
[ RUN      ] test_set_whitespace
[       OK ] test_set_whitespace
[ RUN      ] test_set_word
[       OK ] test_set_word
[ RUN      ] test_set_hex_digit
[       OK ] test_set_hex_digit
[ RUN      ] test_set_not_digit
[       OK ] test_set_not_digit
[ RUN      ] test_set_not_whitespace
[       OK ] test_set_not_whitespace
[ RUN      ] test_set_not_word
[       OK ] test_set_not_word
[ RUN      ] test_set_not_hex_digit
[       OK ] test_set_not_hex_digit
[ RUN      ] test_ctor_literal
[       OK ] test_ctor_literal
[ RUN      ] test_ctor_merge
[       OK ] test_ctor_merge
[ RUN      ] test_ctor_alt
[       OK ] test_ctor_alt
[ RUN      ] test_ctor_optional
[       OK ] test_ctor_optional
[ RUN      ] test_ctor_star
[       OK ] test_ctor_star
[ RUN      ] test_ctor_plus
[       OK ] test_ctor_plus
[ RUN      ] test_ctor_repeat_exact
[       OK ] test_ctor_repeat_exact
[ RUN      ] test_ctor_repeat_min
[       OK ] test_ctor_repeat_min
[ RUN      ] test_ctor_repeat_range
[       OK ] test_ctor_repeat_range
[ RUN      ] test_ctor_capture
[       OK ] test_ctor_capture
[ RUN      ] test_ctor_named_group
[       OK ] test_ctor_named_group
[ RUN      ] test_look_ahead
[       OK ] test_look_ahead
[ RUN      ] test_look_neg_ahead
[       OK ] test_look_neg_ahead
[ RUN      ] test_look_behind
[       OK ] test_look_behind
[ RUN      ] test_look_neg_behind
[       OK ] test_look_neg_behind
[ RUN      ] test_static_atomic
[       OK ] test_static_atomic
[ RUN      ] test_static_ref_index
[       OK ] test_static_ref_index
[ RUN      ] test_static_ref_name
[       OK ] test_static_ref_name
[ RUN      ] test_static_anchor_start
[       OK ] test_static_anchor_start
[ RUN      ] test_static_anchor_end
[       OK ] test_static_anchor_end
[ RUN      ] test_static_boundary
[       OK ] test_static_boundary
[ RUN      ] test_static_not_boundary
[       OK ] test_static_not_boundary
[ RUN      ] test_static_abs_start
[       OK ] test_static_abs_start
[ RUN      ] test_static_abs_end
[       OK ] test_static_abs_end
[ RUN      ] test_static_end_before_nl
[       OK ] test_static_end_before_nl
[ RUN      ] test_recurse_pattern
[       OK ] test_recurse_pattern
[ RUN      ] test_subroutine_index
[       OK ] test_subroutine_index
[ RUN      ] test_subroutine_name
[       OK ] test_subroutine_name
[ RUN      ] test_val_invalid_range
[       OK ] test_val_invalid_range
[ RUN      ] test_val_invalid_name
[       OK ] test_val_invalid_name
[ RUN      ] test_val_empty_alt
[       OK ] test_val_empty_alt
[ RUN      ] test_val_negative_quant
[       OK ] test_val_negative_quant
[ RUN      ] test_val_missing_expression
[       OK ] test_val_missing_expression
[ RUN      ] test_int_email_simplified
[       OK ] test_int_email_simplified
[ RUN      ] test_int_nested_quantifiers
[       OK ] test_int_nested_quantifiers
[ RUN      ] test_int_complex_alt
[       OK ] test_int_complex_alt
[ RUN      ] test_int_atomic_lookaround
[       OK ] test_int_atomic_lookaround
[ RUN      ] test_int_named_backref_chain
[       OK ] test_int_named_backref_chain
[ RUN      ] test_int_flags_mixed
[       OK ] test_int_flags_mixed
[ RUN      ] test_int_unicode_class
[       OK ] test_int_unicode_class
[ RUN      ] test_int_empty_pattern
[       OK ] test_int_empty_pattern
[ RUN      ] test_int_full_kitchen_sink
[       OK ] test_int_full_kitchen_sink
[==========] tests: 54 test(s) run.
[  PASSED  ] 54 test(s).
Running tests/e2e/cli_smoke_test...
[==========] cli_smoke_tests: Running 2 test(s).
[ RUN      ] test_smoke_compile_valid
[       OK ] test_smoke_compile_valid
[ RUN      ] test_smoke_compile_invalid
[       OK ] test_smoke_compile_invalid
[==========] cli_smoke_tests: 2 test(s) run.
[  PASSED  ] 2 test(s).
Running tests/e2e/e2e_combinatorial_test...
[==========] tests: Running 8 test(s).
[ RUN      ] test_tier1_flags
[       OK ] test_tier1_flags
[ RUN      ] test_tier1_literals
[       OK ] test_tier1_literals
[ RUN      ] test_tier1_charclasses
[       OK ] test_tier1_charclasses
[ RUN      ] test_tier1_anchors
[       OK ] test_tier1_anchors
[ RUN      ] test_tier1_quantifiers
[       OK ] test_tier1_quantifiers
[ RUN      ] test_tier1_groups_lookarounds
[       OK ] test_tier1_groups_lookarounds
[ RUN      ] test_tier2_triplets
[       OK ] test_tier2_triplets
[ RUN      ] test_complex_nested
[       OK ] test_complex_nested
[==========] tests: 8 test(s) run.
[  PASSED  ] 8 test(s).
Running tests/e2e/pcre2_emitter_test...
[==========] tests: Running 5 test(s).
[ RUN      ] test_core_atoms
[       OK ] test_core_atoms
[ RUN      ] test_char_classes
[       OK ] test_char_classes
[ RUN      ] test_quantifiers
[       OK ] test_quantifiers
[ RUN      ] test_groups_alternation
[       OK ] test_groups_alternation
[ RUN      ] test_lookarounds_complex
[       OK ] test_lookarounds_complex
[==========] tests: 5 test(s) run.
[  PASSED  ] 5 test(s).

========================================
Test Summary: 18 passed, 1 failed
========================================
